<?xml version="1.0" encoding="utf-8" ?>
<!DOCTYPE html PUBLIC "-//W3C//DTD XHTML 1.0 Strict//EN"
        "http://www.w3.org/TR/xhtml1/DTD/xhtml1-strict.dtd">
<html xmlns="http://www.w3.org/1999/xhtml" xml:lang="" lang="">
<head>
  <title>Test Results Report - reportng</title>
  <meta http-equiv="Content-Type" content="text/html;charset=utf-8" />
  <meta name="description" content="TestNG unit test results." />
  <link href="reportng.css" rel="stylesheet" type="text/css" />
    <script type="text/javascript" src="reportng.js"></script>
</head>
<body>
<h1>reportng</h1>
<p>
  Test duration: 156.137s
</p>



  <table class="resultsTable">
    <tr><th colspan="3" class="header failed">Failed Tests</th></tr>
          <tr>
        <td colspan="3" class="group">com.nopcommerce.demo.testsuite.ComputerPageTest</td>
      </tr>
            
<tr>
  <td class="method">
                  VerifyThatUserShouldBuildYouOwnComputerAndAddThemToCartSuccessfully
      </td>
  <td class="duration">
    21.740s
  </td>
  <td class="result">
        
          <i>Method arguments: </i><span class="arguments">"2.5 GHz Intel Pentium Dual-Core E2200 [+$15.00]", " 8GB [+$60.00]", " 320 GB", " Vista Home [+$50.00]", "Total Commander [+$5.00]"</span><br />
    
            <div class="testOutput">
                        Click to see screenshot
                                <a target = "_blank" href=C:\Users\khush\IdeaProjects\nop-commerce-demo/test-output/html/VerifyThatUserShouldBuildYouOwnComputerAndAddThemToCartSuccessfullyThu_Jul_20_15_33_51_BST_2023.jpg>Screenshot</a>
                                <br>
                                <br>
                                <a target = "_blank" href=C:\Users\khush\IdeaProjects\nop-commerce-demo/test-output/html/VerifyThatUserShouldBuildYouOwnComputerAndAddThemToCartSuccessfullyThu_Jul_20_15_33_51_BST_2023.jpg><img src=C:\Users\khush\IdeaProjects\nop-commerce-demo/test-output/html/VerifyThatUserShouldBuildYouOwnComputerAndAddThemToCartSuccessfullyThu_Jul_20_15_33_51_BST_2023.jpg height=200 width=200></img></a>
                  </div>
    

        <a href="javascript:toggleElement('exception-0', 'block')" title="Click to expand/collapse"><b>org.openqa.selenium.NoSuchElementException: Cannot locate option with text: processor<br/>
For documentation on this error, please visit: https://www.selenium.dev/documentation/webdriver/troubleshooting/errors#no-such-element-exception<br/>
Build info: version: &apos;4.10.0&apos;, revision: &apos;c14d967899&apos;<br/>
System info: os.name: &apos;Windows 10&apos;, os.arch: &apos;amd64&apos;, os.version: &apos;10.0&apos;, java.version: &apos;1.8.0_121&apos;<br/>
Driver info: driver.version: unknown</b></a><br />
    <div class="stackTrace" id="exception-0">
              org.openqa.selenium.support.ui.Select.selectByVisibleText(Select.java:153)<br />
              com.nopcommerce.demo.utility.Utility.selectByVisibleTextFromDropDown(Utility.java:148)<br />
              com.nopcommerce.demo.pages.BuildYourOwnComputerPage.selectProcessorFromDropDown(BuildYourOwnComputerPage.java:39)<br />
              com.nopcommerce.demo.testsuite.ComputerPageTest.VerifyThatUserShouldBuildYouOwnComputerAndAddThemToCartSuccessfully(ComputerPageTest.java:49)<br />
              sun.reflect.NativeMethodAccessorImpl.invoke0(Native Method)<br />
              sun.reflect.NativeMethodAccessorImpl.invoke(NativeMethodAccessorImpl.java:62)<br />
              sun.reflect.DelegatingMethodAccessorImpl.invoke(DelegatingMethodAccessorImpl.java:43)<br />
              java.lang.reflect.Method.invoke(Method.java:498)<br />
              org.testng.internal.invokers.MethodInvocationHelper.invokeMethod(MethodInvocationHelper.java:135)<br />
              org.testng.internal.invokers.TestInvoker.invokeMethod(TestInvoker.java:673)<br />
              org.testng.internal.invokers.TestInvoker.invokeTestMethod(TestInvoker.java:220)<br />
              org.testng.internal.invokers.MethodRunner.runInSequence(MethodRunner.java:50)<br />
              org.testng.internal.invokers.TestInvoker$MethodInvocationAgent.invoke(TestInvoker.java:945)<br />
              org.testng.internal.invokers.TestInvoker.invokeTestMethods(TestInvoker.java:193)<br />
              org.testng.internal.invokers.TestMethodWorker.invokeTestMethods(TestMethodWorker.java:146)<br />
              org.testng.internal.invokers.TestMethodWorker.run(TestMethodWorker.java:128)<br />
              java.util.ArrayList.forEach(ArrayList.java:1249)<br />
              org.testng.TestRunner.privateRun(TestRunner.java:808)<br />
              org.testng.TestRunner.run(TestRunner.java:603)<br />
              org.testng.SuiteRunner.runTest(SuiteRunner.java:429)<br />
              org.testng.SuiteRunner.runSequentially(SuiteRunner.java:423)<br />
              org.testng.SuiteRunner.privateRun(SuiteRunner.java:383)<br />
              org.testng.SuiteRunner.run(SuiteRunner.java:326)<br />
              org.testng.SuiteRunnerWorker.runSuite(SuiteRunnerWorker.java:52)<br />
              org.testng.SuiteRunnerWorker.run(SuiteRunnerWorker.java:95)<br />
              org.testng.TestNG.runSuitesSequentially(TestNG.java:1249)<br />
              org.testng.TestNG.runSuitesLocally(TestNG.java:1169)<br />
              org.testng.TestNG.runSuites(TestNG.java:1092)<br />
              org.testng.TestNG.run(TestNG.java:1060)<br />
              com.intellij.rt.testng.IDEARemoteTestNG.run(IDEARemoteTestNG.java:66)<br />
              com.intellij.rt.testng.RemoteTestNGStarter.main(RemoteTestNGStarter.java:105)<br />
                </div>
      </td>
</tr>
<tr>
  <td class="method">
                  VerifyThatUserShouldBuildYouOwnComputerAndAddThemToCartSuccessfully
      </td>
  <td class="duration">
    24.323s
  </td>
  <td class="result">
        
          <i>Method arguments: </i><span class="arguments">"2.5 GHz Intel Pentium Dual-Core E2200 [+$15.00]", " 4GB [+$20.00]", " 400 GB [+$100.00]", " Vista Premium [+$60.00]", "Acrobat Reader [+$10.00]"</span><br />
    
            <div class="testOutput">
                        Click to see screenshot
                                <a target = "_blank" href=C:\Users\khush\IdeaProjects\nop-commerce-demo/test-output/html/VerifyThatUserShouldBuildYouOwnComputerAndAddThemToCartSuccessfullyThu_Jul_20_15_33_27_BST_2023.jpg>Screenshot</a>
                                <br>
                                <br>
                                <a target = "_blank" href=C:\Users\khush\IdeaProjects\nop-commerce-demo/test-output/html/VerifyThatUserShouldBuildYouOwnComputerAndAddThemToCartSuccessfullyThu_Jul_20_15_33_27_BST_2023.jpg><img src=C:\Users\khush\IdeaProjects\nop-commerce-demo/test-output/html/VerifyThatUserShouldBuildYouOwnComputerAndAddThemToCartSuccessfullyThu_Jul_20_15_33_27_BST_2023.jpg height=200 width=200></img></a>
                  </div>
    

        <a href="javascript:toggleElement('exception-1', 'block')" title="Click to expand/collapse"><b>org.openqa.selenium.NoSuchElementException: Cannot locate option with text: processor<br/>
For documentation on this error, please visit: https://www.selenium.dev/documentation/webdriver/troubleshooting/errors#no-such-element-exception<br/>
Build info: version: &apos;4.10.0&apos;, revision: &apos;c14d967899&apos;<br/>
System info: os.name: &apos;Windows 10&apos;, os.arch: &apos;amd64&apos;, os.version: &apos;10.0&apos;, java.version: &apos;1.8.0_121&apos;<br/>
Driver info: driver.version: unknown</b></a><br />
    <div class="stackTrace" id="exception-1">
              org.openqa.selenium.support.ui.Select.selectByVisibleText(Select.java:153)<br />
              com.nopcommerce.demo.utility.Utility.selectByVisibleTextFromDropDown(Utility.java:148)<br />
              com.nopcommerce.demo.pages.BuildYourOwnComputerPage.selectProcessorFromDropDown(BuildYourOwnComputerPage.java:39)<br />
              com.nopcommerce.demo.testsuite.ComputerPageTest.VerifyThatUserShouldBuildYouOwnComputerAndAddThemToCartSuccessfully(ComputerPageTest.java:49)<br />
              sun.reflect.NativeMethodAccessorImpl.invoke0(Native Method)<br />
              sun.reflect.NativeMethodAccessorImpl.invoke(NativeMethodAccessorImpl.java:62)<br />
              sun.reflect.DelegatingMethodAccessorImpl.invoke(DelegatingMethodAccessorImpl.java:43)<br />
              java.lang.reflect.Method.invoke(Method.java:498)<br />
              org.testng.internal.invokers.MethodInvocationHelper.invokeMethod(MethodInvocationHelper.java:135)<br />
              org.testng.internal.invokers.TestInvoker.invokeMethod(TestInvoker.java:673)<br />
              org.testng.internal.invokers.TestInvoker.invokeTestMethod(TestInvoker.java:220)<br />
              org.testng.internal.invokers.MethodRunner.runInSequence(MethodRunner.java:50)<br />
              org.testng.internal.invokers.TestInvoker$MethodInvocationAgent.invoke(TestInvoker.java:945)<br />
              org.testng.internal.invokers.TestInvoker.invokeTestMethods(TestInvoker.java:193)<br />
              org.testng.internal.invokers.TestMethodWorker.invokeTestMethods(TestMethodWorker.java:146)<br />
              org.testng.internal.invokers.TestMethodWorker.run(TestMethodWorker.java:128)<br />
              java.util.ArrayList.forEach(ArrayList.java:1249)<br />
              org.testng.TestRunner.privateRun(TestRunner.java:808)<br />
              org.testng.TestRunner.run(TestRunner.java:603)<br />
              org.testng.SuiteRunner.runTest(SuiteRunner.java:429)<br />
              org.testng.SuiteRunner.runSequentially(SuiteRunner.java:423)<br />
              org.testng.SuiteRunner.privateRun(SuiteRunner.java:383)<br />
              org.testng.SuiteRunner.run(SuiteRunner.java:326)<br />
              org.testng.SuiteRunnerWorker.runSuite(SuiteRunnerWorker.java:52)<br />
              org.testng.SuiteRunnerWorker.run(SuiteRunnerWorker.java:95)<br />
              org.testng.TestNG.runSuitesSequentially(TestNG.java:1249)<br />
              org.testng.TestNG.runSuitesLocally(TestNG.java:1169)<br />
              org.testng.TestNG.runSuites(TestNG.java:1092)<br />
              org.testng.TestNG.run(TestNG.java:1060)<br />
              com.intellij.rt.testng.IDEARemoteTestNG.run(IDEARemoteTestNG.java:66)<br />
              com.intellij.rt.testng.RemoteTestNGStarter.main(RemoteTestNGStarter.java:105)<br />
                </div>
      </td>
</tr>
<tr>
  <td class="method">
                  VerifyThatUserShouldBuildYouOwnComputerAndAddThemToCartSuccessfully
      </td>
  <td class="duration">
    21.759s
  </td>
  <td class="result">
        
          <i>Method arguments: </i><span class="arguments">"2.2 GHz Intel Pentium Dual-Core E2200", " 2 GB", "320 GB", " Vista Home [+$50.00]", " Microsoft Office [+$50.00]"</span><br />
    
            <div class="testOutput">
                        Click to see screenshot
                                <a target = "_blank" href=C:\Users\khush\IdeaProjects\nop-commerce-demo/test-output/html/VerifyThatUserShouldBuildYouOwnComputerAndAddThemToCartSuccessfullyThu_Jul_20_15_32_59_BST_2023.jpg>Screenshot</a>
                                <br>
                                <br>
                                <a target = "_blank" href=C:\Users\khush\IdeaProjects\nop-commerce-demo/test-output/html/VerifyThatUserShouldBuildYouOwnComputerAndAddThemToCartSuccessfullyThu_Jul_20_15_32_59_BST_2023.jpg><img src=C:\Users\khush\IdeaProjects\nop-commerce-demo/test-output/html/VerifyThatUserShouldBuildYouOwnComputerAndAddThemToCartSuccessfullyThu_Jul_20_15_32_59_BST_2023.jpg height=200 width=200></img></a>
                  </div>
    

        <a href="javascript:toggleElement('exception-2', 'block')" title="Click to expand/collapse"><b>org.openqa.selenium.NoSuchElementException: Cannot locate option with text: processor<br/>
For documentation on this error, please visit: https://www.selenium.dev/documentation/webdriver/troubleshooting/errors#no-such-element-exception<br/>
Build info: version: &apos;4.10.0&apos;, revision: &apos;c14d967899&apos;<br/>
System info: os.name: &apos;Windows 10&apos;, os.arch: &apos;amd64&apos;, os.version: &apos;10.0&apos;, java.version: &apos;1.8.0_121&apos;<br/>
Driver info: driver.version: unknown</b></a><br />
    <div class="stackTrace" id="exception-2">
              org.openqa.selenium.support.ui.Select.selectByVisibleText(Select.java:153)<br />
              com.nopcommerce.demo.utility.Utility.selectByVisibleTextFromDropDown(Utility.java:148)<br />
              com.nopcommerce.demo.pages.BuildYourOwnComputerPage.selectProcessorFromDropDown(BuildYourOwnComputerPage.java:39)<br />
              com.nopcommerce.demo.testsuite.ComputerPageTest.VerifyThatUserShouldBuildYouOwnComputerAndAddThemToCartSuccessfully(ComputerPageTest.java:49)<br />
              sun.reflect.NativeMethodAccessorImpl.invoke0(Native Method)<br />
              sun.reflect.NativeMethodAccessorImpl.invoke(NativeMethodAccessorImpl.java:62)<br />
              sun.reflect.DelegatingMethodAccessorImpl.invoke(DelegatingMethodAccessorImpl.java:43)<br />
              java.lang.reflect.Method.invoke(Method.java:498)<br />
              org.testng.internal.invokers.MethodInvocationHelper.invokeMethod(MethodInvocationHelper.java:135)<br />
              org.testng.internal.invokers.TestInvoker.invokeMethod(TestInvoker.java:673)<br />
              org.testng.internal.invokers.TestInvoker.invokeTestMethod(TestInvoker.java:220)<br />
              org.testng.internal.invokers.MethodRunner.runInSequence(MethodRunner.java:50)<br />
              org.testng.internal.invokers.TestInvoker$MethodInvocationAgent.invoke(TestInvoker.java:945)<br />
              org.testng.internal.invokers.TestInvoker.invokeTestMethods(TestInvoker.java:193)<br />
              org.testng.internal.invokers.TestMethodWorker.invokeTestMethods(TestMethodWorker.java:146)<br />
              org.testng.internal.invokers.TestMethodWorker.run(TestMethodWorker.java:128)<br />
              java.util.ArrayList.forEach(ArrayList.java:1249)<br />
              org.testng.TestRunner.privateRun(TestRunner.java:808)<br />
              org.testng.TestRunner.run(TestRunner.java:603)<br />
              org.testng.SuiteRunner.runTest(SuiteRunner.java:429)<br />
              org.testng.SuiteRunner.runSequentially(SuiteRunner.java:423)<br />
              org.testng.SuiteRunner.privateRun(SuiteRunner.java:383)<br />
              org.testng.SuiteRunner.run(SuiteRunner.java:326)<br />
              org.testng.SuiteRunnerWorker.runSuite(SuiteRunnerWorker.java:52)<br />
              org.testng.SuiteRunnerWorker.run(SuiteRunnerWorker.java:95)<br />
              org.testng.TestNG.runSuitesSequentially(TestNG.java:1249)<br />
              org.testng.TestNG.runSuitesLocally(TestNG.java:1169)<br />
              org.testng.TestNG.runSuites(TestNG.java:1092)<br />
              org.testng.TestNG.run(TestNG.java:1060)<br />
              com.intellij.rt.testng.IDEARemoteTestNG.run(IDEARemoteTestNG.java:66)<br />
              com.intellij.rt.testng.RemoteTestNGStarter.main(RemoteTestNGStarter.java:105)<br />
                </div>
      </td>
</tr>
          <tr>
        <td colspan="3" class="group">com.nopcommerce.demo.testsuite.LoginPageTest</td>
      </tr>
            
<tr>
  <td class="method">
                  verifyThatUserShouldLogInSuccessFullyWithValidCredentials
      </td>
  <td class="duration">
    1.372s
  </td>
  <td class="result">
        
    
            <div class="testOutput">
                        Click to see screenshot
                                <a target = "_blank" href=C:\Users\khush\IdeaProjects\nop-commerce-demo/test-output/html/verifyThatUserShouldLogInSuccessFullyWithValidCredentialsThu_Jul_20_15_34_09_BST_2023.jpg>Screenshot</a>
                                <br>
                                <br>
                                <a target = "_blank" href=C:\Users\khush\IdeaProjects\nop-commerce-demo/test-output/html/verifyThatUserShouldLogInSuccessFullyWithValidCredentialsThu_Jul_20_15_34_09_BST_2023.jpg><img src=C:\Users\khush\IdeaProjects\nop-commerce-demo/test-output/html/verifyThatUserShouldLogInSuccessFullyWithValidCredentialsThu_Jul_20_15_34_09_BST_2023.jpg height=200 width=200></img></a>
                  </div>
    

        <a href="javascript:toggleElement('exception-3', 'block')" title="Click to expand/collapse"><b>org.openqa.selenium.StaleElementReferenceException: stale element reference: stale element not found<br/>
&nbsp; (Session info: chrome=114.0.5735.199)<br/>
For documentation on this error, please visit: https://www.selenium.dev/documentation/webdriver/troubleshooting/errors#stale-element-reference-exception<br/>
Build info: version: &apos;4.10.0&apos;, revision: &apos;c14d967899&apos;<br/>
System info: os.name: &apos;Windows 10&apos;, os.arch: &apos;amd64&apos;, os.version: &apos;10.0&apos;, java.version: &apos;1.8.0_121&apos;<br/>
Driver info: org.openqa.selenium.chrome.ChromeDriver<br/>
Command: [2c0e86d4542e4b6ecd638578e0b269d6, getElementText {id=C1A65A5258A5AF0A4436F7D78EC11DED_element_22}]<br/>
Capabilities {acceptInsecureCerts: false, browserName: chrome, browserVersion: 114.0.5735.199, chrome: {chromedriverVersion: 114.0.5735.90 (386bc09e8f4f..., userDataDir: C:\Users\khush\AppData\Loca...}, goog:chromeOptions: {debuggerAddress: localhost:58069}, networkConnectionEnabled: false, pageLoadStrategy: normal, platformName: windows, proxy: Proxy(), se:cdp: ws://localhost:58069/devtoo..., se:cdpVersion: 114.0.5735.199, setWindowRect: true, strictFileInteractability: false, timeouts: {implicit: 0, pageLoad: 300000, script: 30000}, unhandledPromptBehavior: dismiss and notify, webauthn:extension:credBlob: true, webauthn:extension:largeBlob: true, webauthn:extension:minPinLength: true, webauthn:extension:prf: true, webauthn:virtualAuthenticators: true}<br/>
Element: [[ChromeDriver: chrome on windows (2c0e86d4542e4b6ecd638578e0b269d6)] -&gt; link text: Log in]<br/>
Session ID: 2c0e86d4542e4b6ecd638578e0b269d6</b></a><br />
    <div class="stackTrace" id="exception-3">
              sun.reflect.NativeConstructorAccessorImpl.newInstance0(Native Method)<br />
              sun.reflect.NativeConstructorAccessorImpl.newInstance(NativeConstructorAccessorImpl.java:62)<br />
              sun.reflect.DelegatingConstructorAccessorImpl.newInstance(DelegatingConstructorAccessorImpl.java:45)<br />
              java.lang.reflect.Constructor.newInstance(Constructor.java:423)<br />
              org.openqa.selenium.remote.codec.w3c.W3CHttpResponseCodec.createException(W3CHttpResponseCodec.java:199)<br />
              org.openqa.selenium.remote.codec.w3c.W3CHttpResponseCodec.decode(W3CHttpResponseCodec.java:132)<br />
              org.openqa.selenium.remote.codec.w3c.W3CHttpResponseCodec.decode(W3CHttpResponseCodec.java:51)<br />
              org.openqa.selenium.remote.HttpCommandExecutor.execute(HttpCommandExecutor.java:191)<br />
              org.openqa.selenium.remote.service.DriverCommandExecutor.invokeExecute(DriverCommandExecutor.java:196)<br />
              org.openqa.selenium.remote.service.DriverCommandExecutor.execute(DriverCommandExecutor.java:171)<br />
              org.openqa.selenium.remote.RemoteWebDriver.execute(RemoteWebDriver.java:531)<br />
              org.openqa.selenium.remote.RemoteWebElement.execute(RemoteWebElement.java:242)<br />
              org.openqa.selenium.remote.RemoteWebElement.getText(RemoteWebElement.java:192)<br />
              sun.reflect.NativeMethodAccessorImpl.invoke0(Native Method)<br />
              sun.reflect.NativeMethodAccessorImpl.invoke(NativeMethodAccessorImpl.java:62)<br />
              sun.reflect.DelegatingMethodAccessorImpl.invoke(DelegatingMethodAccessorImpl.java:43)<br />
              java.lang.reflect.Method.invoke(Method.java:498)<br />
              org.openqa.selenium.support.pagefactory.internal.LocatingElementHandler.invoke(LocatingElementHandler.java:51)<br />
              com.sun.proxy.$Proxy16.getText(Unknown Source)<br />
              com.nopcommerce.demo.utility.Utility.getTextFromElement(Utility.java:64)<br />
              com.nopcommerce.demo.pages.HomePage.verifyLoginLinkIsVisible(HomePage.java:41)<br />
              com.nopcommerce.demo.testsuite.LoginPageTest.verifyThatUserShouldLogInSuccessFullyWithValidCredentials(LoginPageTest.java:48)<br />
              sun.reflect.NativeMethodAccessorImpl.invoke0(Native Method)<br />
              sun.reflect.NativeMethodAccessorImpl.invoke(NativeMethodAccessorImpl.java:62)<br />
              sun.reflect.DelegatingMethodAccessorImpl.invoke(DelegatingMethodAccessorImpl.java:43)<br />
              java.lang.reflect.Method.invoke(Method.java:498)<br />
              org.testng.internal.invokers.MethodInvocationHelper.invokeMethod(MethodInvocationHelper.java:135)<br />
              org.testng.internal.invokers.TestInvoker.invokeMethod(TestInvoker.java:673)<br />
              org.testng.internal.invokers.TestInvoker.invokeTestMethod(TestInvoker.java:220)<br />
              org.testng.internal.invokers.MethodRunner.runInSequence(MethodRunner.java:50)<br />
              org.testng.internal.invokers.TestInvoker$MethodInvocationAgent.invoke(TestInvoker.java:945)<br />
              org.testng.internal.invokers.TestInvoker.invokeTestMethods(TestInvoker.java:193)<br />
              org.testng.internal.invokers.TestMethodWorker.invokeTestMethods(TestMethodWorker.java:146)<br />
              org.testng.internal.invokers.TestMethodWorker.run(TestMethodWorker.java:128)<br />
              java.util.ArrayList.forEach(ArrayList.java:1249)<br />
              org.testng.TestRunner.privateRun(TestRunner.java:808)<br />
              org.testng.TestRunner.run(TestRunner.java:603)<br />
              org.testng.SuiteRunner.runTest(SuiteRunner.java:429)<br />
              org.testng.SuiteRunner.runSequentially(SuiteRunner.java:423)<br />
              org.testng.SuiteRunner.privateRun(SuiteRunner.java:383)<br />
              org.testng.SuiteRunner.run(SuiteRunner.java:326)<br />
              org.testng.SuiteRunnerWorker.runSuite(SuiteRunnerWorker.java:52)<br />
              org.testng.SuiteRunnerWorker.run(SuiteRunnerWorker.java:95)<br />
              org.testng.TestNG.runSuitesSequentially(TestNG.java:1249)<br />
              org.testng.TestNG.runSuitesLocally(TestNG.java:1169)<br />
              org.testng.TestNG.runSuites(TestNG.java:1092)<br />
              org.testng.TestNG.run(TestNG.java:1060)<br />
              com.intellij.rt.testng.IDEARemoteTestNG.run(IDEARemoteTestNG.java:66)<br />
              com.intellij.rt.testng.RemoteTestNGStarter.main(RemoteTestNGStarter.java:105)<br />
                </div>
      </td>
</tr>
<tr>
  <td class="method">
                  verifyThatUserShouldLogOutSuccessfully
      </td>
  <td class="duration">
    21.462s
  </td>
  <td class="result">
        
    
            <div class="testOutput">
                        Click to see screenshot
                                <a target = "_blank" href=C:\Users\khush\IdeaProjects\nop-commerce-demo/test-output/html/verifyThatUserShouldLogOutSuccessfullyThu_Jul_20_15_34_34_BST_2023.jpg>Screenshot</a>
                                <br>
                                <br>
                                <a target = "_blank" href=C:\Users\khush\IdeaProjects\nop-commerce-demo/test-output/html/verifyThatUserShouldLogOutSuccessfullyThu_Jul_20_15_34_34_BST_2023.jpg><img src=C:\Users\khush\IdeaProjects\nop-commerce-demo/test-output/html/verifyThatUserShouldLogOutSuccessfullyThu_Jul_20_15_34_34_BST_2023.jpg height=200 width=200></img></a>
                  </div>
    

        <a href="javascript:toggleElement('exception-4', 'block')" title="Click to expand/collapse"><b>org.openqa.selenium.NoSuchElementException: no such element: Unable to locate element: {&quot;method&quot;:&quot;xpath&quot;,&quot;selector&quot;:&quot;//a[contains(text(),&apos;Log out&apos;)]&quot;}<br/>
&nbsp; (Session info: chrome=114.0.5735.199)<br/>
For documentation on this error, please visit: https://www.selenium.dev/documentation/webdriver/troubleshooting/errors#no-such-element-exception<br/>
Build info: version: &apos;4.10.0&apos;, revision: &apos;c14d967899&apos;<br/>
System info: os.name: &apos;Windows 10&apos;, os.arch: &apos;amd64&apos;, os.version: &apos;10.0&apos;, java.version: &apos;1.8.0_121&apos;<br/>
Driver info: org.openqa.selenium.chrome.ChromeDriver<br/>
Command: [07e540d88f9c5fd758bd1441641c6062, findElement {using=xpath, value=//a[contains(text(),&apos;Log out&apos;)]}]<br/>
Capabilities {acceptInsecureCerts: false, browserName: chrome, browserVersion: 114.0.5735.199, chrome: {chromedriverVersion: 114.0.5735.90 (386bc09e8f4f..., userDataDir: C:\Users\khush\AppData\Loca...}, goog:chromeOptions: {debuggerAddress: localhost:58087}, networkConnectionEnabled: false, pageLoadStrategy: normal, platformName: windows, proxy: Proxy(), se:cdp: ws://localhost:58087/devtoo..., se:cdpVersion: 114.0.5735.199, setWindowRect: true, strictFileInteractability: false, timeouts: {implicit: 0, pageLoad: 300000, script: 30000}, unhandledPromptBehavior: dismiss and notify, webauthn:extension:credBlob: true, webauthn:extension:largeBlob: true, webauthn:extension:minPinLength: true, webauthn:extension:prf: true, webauthn:virtualAuthenticators: true}<br/>
Session ID: 07e540d88f9c5fd758bd1441641c6062</b></a><br />
    <div class="stackTrace" id="exception-4">
              sun.reflect.NativeConstructorAccessorImpl.newInstance0(Native Method)<br />
              sun.reflect.NativeConstructorAccessorImpl.newInstance(NativeConstructorAccessorImpl.java:62)<br />
              sun.reflect.DelegatingConstructorAccessorImpl.newInstance(DelegatingConstructorAccessorImpl.java:45)<br />
              java.lang.reflect.Constructor.newInstance(Constructor.java:423)<br />
              org.openqa.selenium.remote.codec.w3c.W3CHttpResponseCodec.createException(W3CHttpResponseCodec.java:199)<br />
              org.openqa.selenium.remote.codec.w3c.W3CHttpResponseCodec.decode(W3CHttpResponseCodec.java:132)<br />
              org.openqa.selenium.remote.codec.w3c.W3CHttpResponseCodec.decode(W3CHttpResponseCodec.java:51)<br />
              org.openqa.selenium.remote.HttpCommandExecutor.execute(HttpCommandExecutor.java:191)<br />
              org.openqa.selenium.remote.service.DriverCommandExecutor.invokeExecute(DriverCommandExecutor.java:196)<br />
              org.openqa.selenium.remote.service.DriverCommandExecutor.execute(DriverCommandExecutor.java:171)<br />
              org.openqa.selenium.remote.RemoteWebDriver.execute(RemoteWebDriver.java:531)<br />
              org.openqa.selenium.remote.ElementLocation$ElementFinder$2.findElement(ElementLocation.java:165)<br />
              org.openqa.selenium.remote.ElementLocation.findElement(ElementLocation.java:59)<br />
              org.openqa.selenium.remote.RemoteWebDriver.findElement(RemoteWebDriver.java:350)<br />
              org.openqa.selenium.remote.RemoteWebDriver.findElement(RemoteWebDriver.java:344)<br />
              org.openqa.selenium.support.pagefactory.DefaultElementLocator.findElement(DefaultElementLocator.java:68)<br />
              org.openqa.selenium.support.pagefactory.internal.LocatingElementHandler.invoke(LocatingElementHandler.java:38)<br />
              com.sun.proxy.$Proxy16.click(Unknown Source)<br />
              com.nopcommerce.demo.utility.Utility.clickOnElement(Utility.java:53)<br />
              com.nopcommerce.demo.pages.HomePage.clickOnLogoutLink(HomePage.java:33)<br />
              com.nopcommerce.demo.testsuite.LoginPageTest.verifyThatUserShouldLogOutSuccessfully(LoginPageTest.java:59)<br />
              sun.reflect.NativeMethodAccessorImpl.invoke0(Native Method)<br />
              sun.reflect.NativeMethodAccessorImpl.invoke(NativeMethodAccessorImpl.java:62)<br />
              sun.reflect.DelegatingMethodAccessorImpl.invoke(DelegatingMethodAccessorImpl.java:43)<br />
              java.lang.reflect.Method.invoke(Method.java:498)<br />
              org.testng.internal.invokers.MethodInvocationHelper.invokeMethod(MethodInvocationHelper.java:135)<br />
              org.testng.internal.invokers.TestInvoker.invokeMethod(TestInvoker.java:673)<br />
              org.testng.internal.invokers.TestInvoker.invokeTestMethod(TestInvoker.java:220)<br />
              org.testng.internal.invokers.MethodRunner.runInSequence(MethodRunner.java:50)<br />
              org.testng.internal.invokers.TestInvoker$MethodInvocationAgent.invoke(TestInvoker.java:945)<br />
              org.testng.internal.invokers.TestInvoker.invokeTestMethods(TestInvoker.java:193)<br />
              org.testng.internal.invokers.TestMethodWorker.invokeTestMethods(TestMethodWorker.java:146)<br />
              org.testng.internal.invokers.TestMethodWorker.run(TestMethodWorker.java:128)<br />
              java.util.ArrayList.forEach(ArrayList.java:1249)<br />
              org.testng.TestRunner.privateRun(TestRunner.java:808)<br />
              org.testng.TestRunner.run(TestRunner.java:603)<br />
              org.testng.SuiteRunner.runTest(SuiteRunner.java:429)<br />
              org.testng.SuiteRunner.runSequentially(SuiteRunner.java:423)<br />
              org.testng.SuiteRunner.privateRun(SuiteRunner.java:383)<br />
              org.testng.SuiteRunner.run(SuiteRunner.java:326)<br />
              org.testng.SuiteRunnerWorker.runSuite(SuiteRunnerWorker.java:52)<br />
              org.testng.SuiteRunnerWorker.run(SuiteRunnerWorker.java:95)<br />
              org.testng.TestNG.runSuitesSequentially(TestNG.java:1249)<br />
              org.testng.TestNG.runSuitesLocally(TestNG.java:1169)<br />
              org.testng.TestNG.runSuites(TestNG.java:1092)<br />
              org.testng.TestNG.run(TestNG.java:1060)<br />
              com.intellij.rt.testng.IDEARemoteTestNG.run(IDEARemoteTestNG.java:66)<br />
              com.intellij.rt.testng.RemoteTestNGStarter.main(RemoteTestNGStarter.java:105)<br />
                </div>
      </td>
</tr>
          <tr>
        <td colspan="3" class="group">com.nopcommerce.demo.testsuite.RegisterPageTest</td>
      </tr>
            
<tr>
  <td class="method">
                  VerifyThatUserShouldCreateAccountSuccessfully
      </td>
  <td class="duration">
    20.803s
  </td>
  <td class="result">
        
    
            <div class="testOutput">
                        Click to see screenshot
                                <a target = "_blank" href=C:\Users\khush\IdeaProjects\nop-commerce-demo/test-output/html/VerifyThatUserShouldCreateAccountSuccessfullyThu_Jul_20_15_35_02_BST_2023.jpg>Screenshot</a>
                                <br>
                                <br>
                                <a target = "_blank" href=C:\Users\khush\IdeaProjects\nop-commerce-demo/test-output/html/VerifyThatUserShouldCreateAccountSuccessfullyThu_Jul_20_15_35_02_BST_2023.jpg><img src=C:\Users\khush\IdeaProjects\nop-commerce-demo/test-output/html/VerifyThatUserShouldCreateAccountSuccessfullyThu_Jul_20_15_35_02_BST_2023.jpg height=200 width=200></img></a>
                  </div>
    

        <a href="javascript:toggleElement('exception-5', 'block')" title="Click to expand/collapse"><b>org.openqa.selenium.NoSuchElementException: Cannot locate option with text: 11<br/>
For documentation on this error, please visit: https://www.selenium.dev/documentation/webdriver/troubleshooting/errors#no-such-element-exception<br/>
Build info: version: &apos;4.10.0&apos;, revision: &apos;c14d967899&apos;<br/>
System info: os.name: &apos;Windows 10&apos;, os.arch: &apos;amd64&apos;, os.version: &apos;10.0&apos;, java.version: &apos;1.8.0_121&apos;<br/>
Driver info: driver.version: unknown</b></a><br />
    <div class="stackTrace" id="exception-5">
              org.openqa.selenium.support.ui.Select.selectByVisibleText(Select.java:153)<br />
              com.nopcommerce.demo.utility.Utility.selectByVisibleTextFromDropDown(Utility.java:148)<br />
              com.nopcommerce.demo.pages.RegisterPage.selectDateOfBirth(RegisterPage.java:83)<br />
              com.nopcommerce.demo.testsuite.RegisterPageTest.VerifyThatUserShouldCreateAccountSuccessfully(RegisterPageTest.java:53)<br />
              sun.reflect.NativeMethodAccessorImpl.invoke0(Native Method)<br />
              sun.reflect.NativeMethodAccessorImpl.invoke(NativeMethodAccessorImpl.java:62)<br />
              sun.reflect.DelegatingMethodAccessorImpl.invoke(DelegatingMethodAccessorImpl.java:43)<br />
              java.lang.reflect.Method.invoke(Method.java:498)<br />
              org.testng.internal.invokers.MethodInvocationHelper.invokeMethod(MethodInvocationHelper.java:135)<br />
              org.testng.internal.invokers.TestInvoker.invokeMethod(TestInvoker.java:673)<br />
              org.testng.internal.invokers.TestInvoker.invokeTestMethod(TestInvoker.java:220)<br />
              org.testng.internal.invokers.MethodRunner.runInSequence(MethodRunner.java:50)<br />
              org.testng.internal.invokers.TestInvoker$MethodInvocationAgent.invoke(TestInvoker.java:945)<br />
              org.testng.internal.invokers.TestInvoker.invokeTestMethods(TestInvoker.java:193)<br />
              org.testng.internal.invokers.TestMethodWorker.invokeTestMethods(TestMethodWorker.java:146)<br />
              org.testng.internal.invokers.TestMethodWorker.run(TestMethodWorker.java:128)<br />
              java.util.ArrayList.forEach(ArrayList.java:1249)<br />
              org.testng.TestRunner.privateRun(TestRunner.java:808)<br />
              org.testng.TestRunner.run(TestRunner.java:603)<br />
              org.testng.SuiteRunner.runTest(SuiteRunner.java:429)<br />
              org.testng.SuiteRunner.runSequentially(SuiteRunner.java:423)<br />
              org.testng.SuiteRunner.privateRun(SuiteRunner.java:383)<br />
              org.testng.SuiteRunner.run(SuiteRunner.java:326)<br />
              org.testng.SuiteRunnerWorker.runSuite(SuiteRunnerWorker.java:52)<br />
              org.testng.SuiteRunnerWorker.run(SuiteRunnerWorker.java:95)<br />
              org.testng.TestNG.runSuitesSequentially(TestNG.java:1249)<br />
              org.testng.TestNG.runSuitesLocally(TestNG.java:1169)<br />
              org.testng.TestNG.runSuites(TestNG.java:1092)<br />
              org.testng.TestNG.run(TestNG.java:1060)<br />
              com.intellij.rt.testng.IDEARemoteTestNG.run(IDEARemoteTestNG.java:66)<br />
              com.intellij.rt.testng.RemoteTestNGStarter.main(RemoteTestNGStarter.java:105)<br />
                </div>
      </td>
</tr>
      </table>


  <table class="resultsTable">
    <tr><th colspan="3" class="header passed">Passed Tests</th></tr>
          <tr>
        <td colspan="3" class="group">com.nopcommerce.demo.testsuite.ComputerPageTest</td>
      </tr>
            
<tr>
  <td class="method">
                  verifyUserShouldNavigateToComputerPageSuccessfully
      </td>
  <td class="duration">
    0.901s
  </td>
  <td class="result">
        
    
        

      </td>
</tr>
<tr>
  <td class="method">
                  verifyUserShouldNavigateToDesktopsPageSuccessfully
      </td>
  <td class="duration">
    1.289s
  </td>
  <td class="result">
        
    
        

      </td>
</tr>
          <tr>
        <td colspan="3" class="group">com.nopcommerce.demo.testsuite.LoginPageTest</td>
      </tr>
            
<tr>
  <td class="method">
                  userShouldNavigateToLoginPageSuccessFully
      </td>
  <td class="duration">
    1.144s
  </td>
  <td class="result">
        
    
        

      </td>
</tr>
<tr>
  <td class="method">
                  verifyTheErrorMessageWithInValidCredentials
      </td>
  <td class="duration">
    0.885s
  </td>
  <td class="result">
        
    
        

      </td>
</tr>
          <tr>
        <td colspan="3" class="group">com.nopcommerce.demo.testsuite.RegisterPageTest</td>
      </tr>
            
<tr>
  <td class="method">
                  verifyThatFirstNameLastNameEmailPasswordAndConfirmPasswordFieldsAreMandatory
      </td>
  <td class="duration">
    0.893s
  </td>
  <td class="result">
        
    
        

      </td>
</tr>
<tr>
  <td class="method">
                  verifyUserShouldNavigateToRegisterPageSuccessfully
      </td>
  <td class="duration">
    0.779s
  </td>
  <td class="result">
        
    
        

      </td>
</tr>
      </table>
  
</body>
</html>
